<?xml version="1.0" encoding="UTF-8"?>
<testng-results skipped="0" failed="0" ignored="0" total="1" passed="1">
  <reporter-output>
  </reporter-output>
  <suite name="Suite" duration-ms="74942" started-at="2021-03-28T05:15:59Z" finished-at="2021-03-28T05:17:14Z">
    <groups>
    </groups>
    <test name="Test" duration-ms="74942" started-at="2021-03-28T05:15:59Z" finished-at="2021-03-28T05:17:14Z">
      <class name="fbadremove.ADRemoveTest">
        <test-method status="PASS" signature="adRemoverTest()[pri:0, instance:fbadremove.ADRemoveTest@38082d64]" name="adRemoverTest" duration-ms="74926" started-at="2021-03-28T05:15:59Z" finished-at="2021-03-28T05:17:14Z">
          <reporter-output>
          </reporter-output>
        </test-method> <!-- adRemoverTest -->
      </class> <!-- fbadremove.ADRemoveTest -->
    </test> <!-- Test -->
  </suite> <!-- Suite -->
</testng-results>
