<?xml version="1.0" encoding="UTF-8"?>
<testng-results skipped="0" failed="0" ignored="0" total="1" passed="1">
  <reporter-output>
  </reporter-output>
  <suite name="Default suite" duration-ms="41909" started-at="2021-03-28T10:30:04 IST" finished-at="2021-03-28T10:30:46 IST">
    <groups>
    </groups>
    <test name="Default test" duration-ms="41909" started-at="2021-03-28T10:30:04 IST" finished-at="2021-03-28T10:30:46 IST">
      <class name="fbadremove.ADRemoveTest">
        <test-method status="PASS" signature="adRemoverTest()[pri:0, instance:fbadremove.ADRemoveTest@d44fc21]" name="adRemoverTest" duration-ms="41848" started-at="2021-03-28T10:30:04 IST" finished-at="2021-03-28T10:30:46 IST">
          <reporter-output>
          </reporter-output>
        </test-method> <!-- adRemoverTest -->
      </class> <!-- fbadremove.ADRemoveTest -->
    </test> <!-- Default test -->
  </suite> <!-- Default suite -->
</testng-results>
